<?xml version="1.0" encoding="UTF-8"?>
<!-- Generated by org.testng.reporters.JUnitReportReporter -->
<testsuite hostname="Deepaks-MacBook-Pro.local" name="ProjectMaven.MavenSelenium_WordPress" tests="1" failures="0" timestamp="30 Aug 2017 11:44:18 GMT" time="6.769" errors="0">
  <testcase name="trySelenium_inMaven" time="6.769" classname="ProjectMaven.MavenSelenium_WordPress"/>
</testsuite> <!-- ProjectMaven.MavenSelenium_WordPress -->
