<?xml version="1.0" encoding="UTF-8"?>
<!-- Generated by org.testng.reporters.JUnitReportReporter -->
<testsuite hostname="Deepaks-MacBook-Pro.local" name="ProjectMaven.TryInTestNG" tests="1" failures="0" timestamp="30 Aug 2017 11:44:01 GMT" time="0.016" errors="0">
  <testcase name="testRun" time="0.016" classname="ProjectMaven.TryInTestNG"/>
</testsuite> <!-- ProjectMaven.TryInTestNG -->
