<?xml version="1.0" encoding="UTF-8"?>
<!-- Generated by org.testng.reporters.JUnitReportReporter -->
<testsuite hostname="Deepaks-MacBook-Pro.local" name="ProjectMaven.App" tests="1" failures="0" timestamp="30 Aug 2017 10:05:36 GMT" time="0.014" errors="0">
  <testcase name="test" time="0.014" classname="ProjectMaven.App"/>
</testsuite> <!-- ProjectMaven.App -->
